Initializing jasmine.yml configuration


Started GET "/specs" for 127.0.0.1 at 2014-07-01 19:36:04 -0400

ActiveRecord::NoDatabaseError (FATAL:  database "penguin_pals_development" does not exist
Run `$ bin/rake db:create db:migrate` to create your database):
  activerecord (4.1.1) lib/active_record/connection_adapters/postgresql_adapter.rb:891:in `rescue in connect'
  activerecord (4.1.1) lib/active_record/connection_adapters/postgresql_adapter.rb:881:in `connect'
  activerecord (4.1.1) lib/active_record/connection_adapters/postgresql_adapter.rb:568:in `initialize'
  activerecord (4.1.1) lib/active_record/connection_adapters/postgresql_adapter.rb:41:in `new'
  activerecord (4.1.1) lib/active_record/connection_adapters/postgresql_adapter.rb:41:in `postgresql_connection'
  activerecord (4.1.1) lib/active_record/connection_adapters/abstract/connection_pool.rb:435:in `new_connection'
  activerecord (4.1.1) lib/active_record/connection_adapters/abstract/connection_pool.rb:445:in `checkout_new_connection'
  activerecord (4.1.1) lib/active_record/connection_adapters/abstract/connection_pool.rb:416:in `acquire_connection'
  activerecord (4.1.1) lib/active_record/connection_adapters/abstract/connection_pool.rb:351:in `block in checkout'
  /Users/johnrandall/.rbenv/versions/2.1.2/lib/ruby/2.1.0/monitor.rb:211:in `mon_synchronize'
  activerecord (4.1.1) lib/active_record/connection_adapters/abstract/connection_pool.rb:350:in `checkout'
  activerecord (4.1.1) lib/active_record/connection_adapters/abstract/connection_pool.rb:265:in `block in connection'
  /Users/johnrandall/.rbenv/versions/2.1.2/lib/ruby/2.1.0/monitor.rb:211:in `mon_synchronize'
  activerecord (4.1.1) lib/active_record/connection_adapters/abstract/connection_pool.rb:264:in `connection'
  activerecord (4.1.1) lib/active_record/connection_adapters/abstract/connection_pool.rb:541:in `retrieve_connection'
  activerecord (4.1.1) lib/active_record/connection_handling.rb:113:in `retrieve_connection'
  activerecord (4.1.1) lib/active_record/connection_handling.rb:87:in `connection'
  activerecord (4.1.1) lib/active_record/migration.rb:388:in `check_pending!'
  activerecord (4.1.1) lib/active_record/migration.rb:377:in `call'
  actionpack (4.1.1) lib/action_dispatch/middleware/callbacks.rb:29:in `block in call'
  activesupport (4.1.1) lib/active_support/callbacks.rb:82:in `run_callbacks'
  actionpack (4.1.1) lib/action_dispatch/middleware/callbacks.rb:27:in `call'
  actionpack (4.1.1) lib/action_dispatch/middleware/reloader.rb:73:in `call'
  actionpack (4.1.1) lib/action_dispatch/middleware/remote_ip.rb:76:in `call'
  actionpack (4.1.1) lib/action_dispatch/middleware/debug_exceptions.rb:17:in `call'
  actionpack (4.1.1) lib/action_dispatch/middleware/show_exceptions.rb:30:in `call'
  railties (4.1.1) lib/rails/rack/logger.rb:38:in `call_app'
  railties (4.1.1) lib/rails/rack/logger.rb:20:in `block in call'
  activesupport (4.1.1) lib/active_support/tagged_logging.rb:68:in `block in tagged'
  activesupport (4.1.1) lib/active_support/tagged_logging.rb:26:in `tagged'
  activesupport (4.1.1) lib/active_support/tagged_logging.rb:68:in `tagged'
  railties (4.1.1) lib/rails/rack/logger.rb:20:in `call'
  actionpack (4.1.1) lib/action_dispatch/middleware/request_id.rb:21:in `call'
  rack (1.5.2) lib/rack/methodoverride.rb:21:in `call'
  rack (1.5.2) lib/rack/runtime.rb:17:in `call'
  activesupport (4.1.1) lib/active_support/cache/strategy/local_cache_middleware.rb:26:in `call'
  rack (1.5.2) lib/rack/lock.rb:17:in `call'
  actionpack (4.1.1) lib/action_dispatch/middleware/static.rb:64:in `call'
  rack (1.5.2) lib/rack/sendfile.rb:112:in `call'
  railties (4.1.1) lib/rails/engine.rb:514:in `call'
  railties (4.1.1) lib/rails/application.rb:144:in `call'
  rack (1.5.2) lib/rack/lock.rb:17:in `call'
  rack (1.5.2) lib/rack/content_length.rb:14:in `call'
  rack (1.5.2) lib/rack/handler/webrick.rb:60:in `service'
  /Users/johnrandall/.rbenv/versions/2.1.2/lib/ruby/2.1.0/webrick/httpserver.rb:138:in `service'
  /Users/johnrandall/.rbenv/versions/2.1.2/lib/ruby/2.1.0/webrick/httpserver.rb:94:in `run'
  /Users/johnrandall/.rbenv/versions/2.1.2/lib/ruby/2.1.0/webrick/server.rb:295:in `block in start_thread'


  Rendered /Users/johnrandall/.rbenv/versions/2.1.2/lib/ruby/gems/2.1.0/gems/actionpack-4.1.1/lib/action_dispatch/middleware/templates/rescues/_source.erb (0.5ms)
  Rendered /Users/johnrandall/.rbenv/versions/2.1.2/lib/ruby/gems/2.1.0/gems/actionpack-4.1.1/lib/action_dispatch/middleware/templates/rescues/_trace.html.erb (1.4ms)
  Rendered /Users/johnrandall/.rbenv/versions/2.1.2/lib/ruby/gems/2.1.0/gems/actionpack-4.1.1/lib/action_dispatch/middleware/templates/rescues/_request_and_response.html.erb (1.0ms)
  Rendered /Users/johnrandall/.rbenv/versions/2.1.2/lib/ruby/gems/2.1.0/gems/actionpack-4.1.1/lib/action_dispatch/middleware/templates/rescues/diagnostics.erb within rescues/layout (17.5ms)


Started GET "/specs" for 127.0.0.1 at 2014-07-01 19:36:13 -0400

ActiveRecord::PendingMigrationError (

Migrations are pending. To resolve this issue, run:

	bin/rake db:migrate RAILS_ENV=development

):
  activerecord (4.1.1) lib/active_record/migration.rb:389:in `check_pending!'
  activerecord (4.1.1) lib/active_record/migration.rb:377:in `call'
  actionpack (4.1.1) lib/action_dispatch/middleware/callbacks.rb:29:in `block in call'
  activesupport (4.1.1) lib/active_support/callbacks.rb:82:in `run_callbacks'
  actionpack (4.1.1) lib/action_dispatch/middleware/callbacks.rb:27:in `call'
  actionpack (4.1.1) lib/action_dispatch/middleware/reloader.rb:73:in `call'
  actionpack (4.1.1) lib/action_dispatch/middleware/remote_ip.rb:76:in `call'
  actionpack (4.1.1) lib/action_dispatch/middleware/debug_exceptions.rb:17:in `call'
  actionpack (4.1.1) lib/action_dispatch/middleware/show_exceptions.rb:30:in `call'
  railties (4.1.1) lib/rails/rack/logger.rb:38:in `call_app'
  railties (4.1.1) lib/rails/rack/logger.rb:20:in `block in call'
  activesupport (4.1.1) lib/active_support/tagged_logging.rb:68:in `block in tagged'
  activesupport (4.1.1) lib/active_support/tagged_logging.rb:26:in `tagged'
  activesupport (4.1.1) lib/active_support/tagged_logging.rb:68:in `tagged'
  railties (4.1.1) lib/rails/rack/logger.rb:20:in `call'
  actionpack (4.1.1) lib/action_dispatch/middleware/request_id.rb:21:in `call'
  rack (1.5.2) lib/rack/methodoverride.rb:21:in `call'
  rack (1.5.2) lib/rack/runtime.rb:17:in `call'
  activesupport (4.1.1) lib/active_support/cache/strategy/local_cache_middleware.rb:26:in `call'
  rack (1.5.2) lib/rack/lock.rb:17:in `call'
  actionpack (4.1.1) lib/action_dispatch/middleware/static.rb:64:in `call'
  rack (1.5.2) lib/rack/sendfile.rb:112:in `call'
  railties (4.1.1) lib/rails/engine.rb:514:in `call'
  railties (4.1.1) lib/rails/application.rb:144:in `call'
  rack (1.5.2) lib/rack/lock.rb:17:in `call'
  rack (1.5.2) lib/rack/content_length.rb:14:in `call'
  rack (1.5.2) lib/rack/handler/webrick.rb:60:in `service'
  /Users/johnrandall/.rbenv/versions/2.1.2/lib/ruby/2.1.0/webrick/httpserver.rb:138:in `service'
  /Users/johnrandall/.rbenv/versions/2.1.2/lib/ruby/2.1.0/webrick/httpserver.rb:94:in `run'
  /Users/johnrandall/.rbenv/versions/2.1.2/lib/ruby/2.1.0/webrick/server.rb:295:in `block in start_thread'


  Rendered /Users/johnrandall/.rbenv/versions/2.1.2/lib/ruby/gems/2.1.0/gems/actionpack-4.1.1/lib/action_dispatch/middleware/templates/rescues/_source.erb (0.5ms)
  Rendered /Users/johnrandall/.rbenv/versions/2.1.2/lib/ruby/gems/2.1.0/gems/actionpack-4.1.1/lib/action_dispatch/middleware/templates/rescues/_trace.html.erb (0.8ms)
  Rendered /Users/johnrandall/.rbenv/versions/2.1.2/lib/ruby/gems/2.1.0/gems/actionpack-4.1.1/lib/action_dispatch/middleware/templates/rescues/_request_and_response.html.erb (0.7ms)
  Rendered /Users/johnrandall/.rbenv/versions/2.1.2/lib/ruby/gems/2.1.0/gems/actionpack-4.1.1/lib/action_dispatch/middleware/templates/rescues/diagnostics.erb within rescues/layout (13.2ms)
  [1m[36m (11.9ms)[0m  [1mCREATE TABLE "schema_migrations" ("version" character varying(255) NOT NULL) [0m
  [1m[35m (4.7ms)[0m  CREATE UNIQUE INDEX  "unique_schema_migrations" ON "schema_migrations"  ("version")
  [1m[36mActiveRecord::SchemaMigration Load (0.3ms)[0m  [1mSELECT "schema_migrations".* FROM "schema_migrations"[0m
Migrating to CreatePenguins (20140630174829)
  [1m[35m (0.1ms)[0m  BEGIN
  [1m[36m (30.6ms)[0m  [1mCREATE TABLE "penguins" ("id" serial primary key, "name" character varying(255), "created_at" timestamp, "updated_at" timestamp) [0m
  [1m[35mSQL (11.8ms)[0m  INSERT INTO "schema_migrations" ("version") VALUES ($1)  [["version", "20140630174829"]]
  [1m[36m (6.3ms)[0m  [1mCOMMIT[0m
  [1m[35mActiveRecord::SchemaMigration Load (0.2ms)[0m  SELECT "schema_migrations".* FROM "schema_migrations"


Started GET "/specs" for 127.0.0.1 at 2014-07-01 19:36:20 -0400
  [1m[36mActiveRecord::SchemaMigration Load (0.3ms)[0m  [1mSELECT "schema_migrations".* FROM "schema_migrations"[0m
Processing by JasmineRails::SpecRunnerController#index as HTML
  Rendered /Users/johnrandall/.rbenv/versions/2.1.2/lib/ruby/gems/2.1.0/gems/jasmine-rails-0.9.0/app/views/jasmine_rails/spec_runner/index.html.erb within layouts/jasmine_rails/spec_runner (0.4ms)
Completed 200 OK in 558ms (Views: 547.6ms | ActiveRecord: 0.0ms)


Started GET "/assets/jasmine.css?body=1" for 127.0.0.1 at 2014-07-01 19:36:21 -0400


Started GET "/assets/jasmine.js?body=1" for 127.0.0.1 at 2014-07-01 19:36:21 -0400


Started GET "/assets/penguins.js?body=1" for 127.0.0.1 at 2014-07-01 19:36:21 -0400


Started GET "/assets/jasmine-html.js?body=1" for 127.0.0.1 at 2014-07-01 19:36:21 -0400


Started GET "/assets/sandbox_test_spec.js?body=1" for 127.0.0.1 at 2014-07-01 19:36:21 -0400


Started GET "/assets/jasmine-specs.css?body=1" for 127.0.0.1 at 2014-07-01 19:36:21 -0400


Started GET "/assets/json2.js?body=1" for 127.0.0.1 at 2014-07-01 19:36:21 -0400


Started GET "/assets/boot.js?body=1" for 127.0.0.1 at 2014-07-01 19:36:21 -0400


Started GET "/assets/jquery.js?body=1" for 127.0.0.1 at 2014-07-01 19:36:21 -0400


Started GET "/assets/jquery_ujs.js?body=1" for 127.0.0.1 at 2014-07-01 19:36:21 -0400


Started GET "/assets/turbolinks.js?body=1" for 127.0.0.1 at 2014-07-01 19:36:21 -0400


Started GET "/assets/application.js?body=1" for 127.0.0.1 at 2014-07-01 19:36:21 -0400


Started GET "/assets/jasmine-specs.js?body=1" for 127.0.0.1 at 2014-07-01 19:36:21 -0400


Started GET "/specs" for 127.0.0.1 at 2014-07-01 19:37:16 -0400
Processing by JasmineRails::SpecRunnerController#index as HTML
  Rendered /Users/johnrandall/.rbenv/versions/2.1.2/lib/ruby/gems/2.1.0/gems/jasmine-rails-0.9.0/app/views/jasmine_rails/spec_runner/index.html.erb within layouts/jasmine_rails/spec_runner (0.1ms)
Completed 200 OK in 9ms (Views: 8.2ms | ActiveRecord: 0.0ms)


Started GET "/assets/jasmine.css?body=1" for 127.0.0.1 at 2014-07-01 19:37:16 -0400


Started GET "/assets/boot.js?body=1" for 127.0.0.1 at 2014-07-01 19:37:16 -0400


Started GET "/assets/json2.js?body=1" for 127.0.0.1 at 2014-07-01 19:37:16 -0400


Started GET "/assets/jasmine-specs.css?body=1" for 127.0.0.1 at 2014-07-01 19:37:17 -0400


Started GET "/assets/jasmine-html.js?body=1" for 127.0.0.1 at 2014-07-01 19:37:17 -0400


Started GET "/assets/jquery.js?body=1" for 127.0.0.1 at 2014-07-01 19:37:17 -0400


Started GET "/assets/jasmine.js?body=1" for 127.0.0.1 at 2014-07-01 19:37:17 -0400


Started GET "/assets/jquery_ujs.js?body=1" for 127.0.0.1 at 2014-07-01 19:37:17 -0400


Started GET "/assets/turbolinks.js?body=1" for 127.0.0.1 at 2014-07-01 19:37:17 -0400


Started GET "/assets/penguins.js?body=1" for 127.0.0.1 at 2014-07-01 19:37:17 -0400


Started GET "/assets/application.js?body=1" for 127.0.0.1 at 2014-07-01 19:37:17 -0400


Started GET "/assets/sandbox_test_spec.js?body=1" for 127.0.0.1 at 2014-07-01 19:37:17 -0400


Started GET "/assets/jasmine-specs.js?body=1" for 127.0.0.1 at 2014-07-01 19:37:17 -0400


Started GET "/specs" for 127.0.0.1 at 2014-07-01 19:50:23 -0400
Processing by JasmineRails::SpecRunnerController#index as HTML
  Rendered /Users/johnrandall/.rbenv/versions/2.1.2/lib/ruby/gems/2.1.0/gems/jasmine-rails-0.9.0/app/views/jasmine_rails/spec_runner/index.html.erb within layouts/jasmine_rails/spec_runner (0.3ms)
Completed 200 OK in 23ms (Views: 19.8ms | ActiveRecord: 0.0ms)


Started GET "/assets/jasmine.css?body=1" for 127.0.0.1 at 2014-07-01 19:50:23 -0400


Started GET "/assets/jasmine-specs.css?body=1" for 127.0.0.1 at 2014-07-01 19:50:23 -0400


Started GET "/assets/boot.js?body=1" for 127.0.0.1 at 2014-07-01 19:50:23 -0400


Started GET "/assets/json2.js?body=1" for 127.0.0.1 at 2014-07-01 19:50:23 -0400


Started GET "/assets/jasmine.js?body=1" for 127.0.0.1 at 2014-07-01 19:50:23 -0400


Started GET "/assets/jasmine-html.js?body=1" for 127.0.0.1 at 2014-07-01 19:50:23 -0400


Started GET "/assets/jquery.js?body=1" for 127.0.0.1 at 2014-07-01 19:50:23 -0400


Started GET "/assets/jquery_ujs.js?body=1" for 127.0.0.1 at 2014-07-01 19:50:23 -0400


Started GET "/assets/turbolinks.js?body=1" for 127.0.0.1 at 2014-07-01 19:50:23 -0400


Started GET "/assets/penguins.js?body=1" for 127.0.0.1 at 2014-07-01 19:50:23 -0400


Started GET "/assets/application.js?body=1" for 127.0.0.1 at 2014-07-01 19:50:23 -0400


Started GET "/assets/sandbox_test_spec.js?body=1" for 127.0.0.1 at 2014-07-01 19:50:23 -0400


Started GET "/assets/jasmine-specs.js?body=1" for 127.0.0.1 at 2014-07-01 19:50:23 -0400


Started GET "/specs?spec=A%20suite%20contains%20spec%20with%20an%20expectation" for 127.0.0.1 at 2014-07-01 19:50:24 -0400
Processing by JasmineRails::SpecRunnerController#index as HTML
  Parameters: {"spec"=>"A suite contains spec with an expectation"}
  Rendered /Users/johnrandall/.rbenv/versions/2.1.2/lib/ruby/gems/2.1.0/gems/jasmine-rails-0.9.0/app/views/jasmine_rails/spec_runner/index.html.erb within layouts/jasmine_rails/spec_runner (1.6ms)
Completed 200 OK in 15ms (Views: 14.8ms | ActiveRecord: 0.0ms)


Started GET "/specs" for 127.0.0.1 at 2014-07-01 19:53:47 -0400
Processing by JasmineRails::SpecRunnerController#index as HTML
  Rendered /Users/johnrandall/.rbenv/versions/2.1.2/lib/ruby/gems/2.1.0/gems/jasmine-rails-0.9.0/app/views/jasmine_rails/spec_runner/index.html.erb within layouts/jasmine_rails/spec_runner (0.1ms)
Completed 500 Internal Server Error in 140ms

ActionView::Template::Error (couldn't find file 'helpers/some_helper_file'
  (in /Users/johnrandall/code/wdi/projects_exercises/learn_jasmine/penguin_pals2_wJasmineRailsGem/spec/javascripts/foo_spec.js:2)):
     5:     <title>Jasmine Specs</title>
     6: 
     7:     <%= stylesheet_link_tag *jasmine_css_files %>
     8:     <%= javascript_include_tag *jasmine_js_files %>
     9:   </head>
    10:   <body>
    11:     <div id="jasmine_content"></div>
  sprockets (2.11.0) lib/sprockets/context.rb:106:in `resolve'
  sprockets (2.11.0) lib/sprockets/context.rb:146:in `require_asset'
  sprockets (2.11.0) lib/sprockets/directive_processor.rb:217:in `process_require_directive'
  sprockets (2.11.0) lib/sprockets/directive_processor.rb:167:in `block in process_directives'
  sprockets (2.11.0) lib/sprockets/directive_processor.rb:165:in `each'
  sprockets (2.11.0) lib/sprockets/directive_processor.rb:165:in `process_directives'
  sprockets (2.11.0) lib/sprockets/directive_processor.rb:99:in `evaluate'
  tilt (1.4.1) lib/tilt/template.rb:103:in `render'
  sprockets (2.11.0) lib/sprockets/context.rb:197:in `block in evaluate'
  sprockets (2.11.0) lib/sprockets/context.rb:194:in `each'
  sprockets (2.11.0) lib/sprockets/context.rb:194:in `evaluate'
  sprockets (2.11.0) lib/sprockets/processed_asset.rb:12:in `initialize'
  sprockets (2.11.0) lib/sprockets/base.rb:374:in `new'
  sprockets (2.11.0) lib/sprockets/base.rb:374:in `block in build_asset'
  sprockets (2.11.0) lib/sprockets/base.rb:395:in `circular_call_protection'
  sprockets (2.11.0) lib/sprockets/base.rb:373:in `build_asset'
  sprockets (2.11.0) lib/sprockets/index.rb:94:in `block in build_asset'
  sprockets (2.11.0) lib/sprockets/caching.rb:58:in `cache_asset'
  sprockets (2.11.0) lib/sprockets/index.rb:93:in `build_asset'
  sprockets (2.11.0) lib/sprockets/base.rb:287:in `find_asset'
  sprockets (2.11.0) lib/sprockets/index.rb:61:in `find_asset'
  sprockets (2.11.0) lib/sprockets/processed_asset.rb:111:in `block in resolve_dependencies'
  sprockets (2.11.0) lib/sprockets/processed_asset.rb:105:in `each'
  sprockets (2.11.0) lib/sprockets/processed_asset.rb:105:in `resolve_dependencies'
  sprockets (2.11.0) lib/sprockets/processed_asset.rb:97:in `build_required_assets'
  sprockets (2.11.0) lib/sprockets/processed_asset.rb:16:in `initialize'
  sprockets (2.11.0) lib/sprockets/base.rb:374:in `new'
  sprockets (2.11.0) lib/sprockets/base.rb:374:in `block in build_asset'
  sprockets (2.11.0) lib/sprockets/base.rb:395:in `circular_call_protection'
  sprockets (2.11.0) lib/sprockets/base.rb:373:in `build_asset'
  sprockets (2.11.0) lib/sprockets/index.rb:94:in `block in build_asset'
  sprockets (2.11.0) lib/sprockets/caching.rb:58:in `cache_asset'
  sprockets (2.11.0) lib/sprockets/index.rb:93:in `build_asset'
  sprockets (2.11.0) lib/sprockets/base.rb:287:in `find_asset'
  sprockets (2.11.0) lib/sprockets/index.rb:61:in `find_asset'
  sprockets (2.11.0) lib/sprockets/bundled_asset.rb:37:in `init_with'
  sprockets (2.11.0) lib/sprockets/asset.rb:24:in `from_hash'
  sprockets (2.11.0) lib/sprockets/caching.rb:54:in `cache_asset'
  sprockets (2.11.0) lib/sprockets/index.rb:93:in `build_asset'
  sprockets (2.11.0) lib/sprockets/base.rb:287:in `find_asset'
  sprockets (2.11.0) lib/sprockets/index.rb:61:in `find_asset'
  sprockets (2.11.0) lib/sprockets/environment.rb:75:in `find_asset'
  sprockets (2.11.0) lib/sprockets/base.rb:295:in `[]'
  sprockets-rails (2.1.3) lib/sprockets/rails/helper.rb:214:in `lookup_asset_for_path'
  sprockets-rails (2.1.3) lib/sprockets/rails/helper.rb:182:in `check_errors_for'
  sprockets-rails (2.1.3) lib/sprockets/rails/helper.rb:134:in `block in javascript_include_tag'
  sprockets-rails (2.1.3) lib/sprockets/rails/helper.rb:133:in `map'
  sprockets-rails (2.1.3) lib/sprockets/rails/helper.rb:133:in `javascript_include_tag'
  jasmine-rails (0.9.0) app/views/layouts/jasmine_rails/spec_runner.html.erb:8:in `___sers_johnrandall__rbenv_versions_______lib_ruby_gems_______gems_jasmine_rails_______app_views_layouts_jasmine_rails_spec_runner_html_erb___4121400584282982212_70101831814120'
  actionview (4.1.1) lib/action_view/template.rb:145:in `block in render'
  activesupport (4.1.1) lib/active_support/notifications.rb:161:in `instrument'
  actionview (4.1.1) lib/action_view/template.rb:339:in `instrument'
  actionview (4.1.1) lib/action_view/template.rb:143:in `render'
  actionview (4.1.1) lib/action_view/renderer/template_renderer.rb:67:in `render_with_layout'
  actionview (4.1.1) lib/action_view/renderer/template_renderer.rb:53:in `render_template'
  actionview (4.1.1) lib/action_view/renderer/template_renderer.rb:17:in `render'
  actionview (4.1.1) lib/action_view/renderer/renderer.rb:42:in `render_template'
  actionview (4.1.1) lib/action_view/renderer/renderer.rb:23:in `render'
  actionview (4.1.1) lib/action_view/rendering.rb:99:in `_render_template'
  actionpack (4.1.1) lib/action_controller/metal/streaming.rb:217:in `_render_template'
  actionview (4.1.1) lib/action_view/rendering.rb:82:in `render_to_body'
  actionpack (4.1.1) lib/action_controller/metal/rendering.rb:32:in `render_to_body'
  actionpack (4.1.1) lib/action_controller/metal/renderers.rb:32:in `render_to_body'
  actionpack (4.1.1) lib/abstract_controller/rendering.rb:25:in `render'
  actionpack (4.1.1) lib/action_controller/metal/rendering.rb:16:in `render'
  actionpack (4.1.1) lib/action_controller/metal/instrumentation.rb:41:in `block (2 levels) in render'
  activesupport (4.1.1) lib/active_support/core_ext/benchmark.rb:12:in `block in ms'
  /Users/johnrandall/.rbenv/versions/2.1.2/lib/ruby/2.1.0/benchmark.rb:294:in `realtime'
  activesupport (4.1.1) lib/active_support/core_ext/benchmark.rb:12:in `ms'
  actionpack (4.1.1) lib/action_controller/metal/instrumentation.rb:41:in `block in render'
  actionpack (4.1.1) lib/action_controller/metal/instrumentation.rb:84:in `cleanup_view_runtime'
  activerecord (4.1.1) lib/active_record/railties/controller_runtime.rb:25:in `cleanup_view_runtime'
  actionpack (4.1.1) lib/action_controller/metal/instrumentation.rb:40:in `render'
  actionpack (4.1.1) lib/action_controller/metal/implicit_render.rb:10:in `default_render'
  actionpack (4.1.1) lib/action_controller/metal/implicit_render.rb:5:in `send_action'
  actionpack (4.1.1) lib/abstract_controller/base.rb:189:in `process_action'
  actionpack (4.1.1) lib/action_controller/metal/rendering.rb:10:in `process_action'
  actionpack (4.1.1) lib/abstract_controller/callbacks.rb:20:in `block in process_action'
  activesupport (4.1.1) lib/active_support/callbacks.rb:113:in `call'
  activesupport (4.1.1) lib/active_support/callbacks.rb:113:in `call'
  activesupport (4.1.1) lib/active_support/callbacks.rb:229:in `block in halting'
  activesupport (4.1.1) lib/active_support/callbacks.rb:166:in `call'
  activesupport (4.1.1) lib/active_support/callbacks.rb:166:in `block in halting'
  activesupport (4.1.1) lib/active_support/callbacks.rb:166:in `call'
  activesupport (4.1.1) lib/active_support/callbacks.rb:166:in `block in halting'
  activesupport (4.1.1) lib/active_support/callbacks.rb:86:in `call'
  activesupport (4.1.1) lib/active_support/callbacks.rb:86:in `run_callbacks'
  actionpack (4.1.1) lib/abstract_controller/callbacks.rb:19:in `process_action'
  actionpack (4.1.1) lib/action_controller/metal/rescue.rb:29:in `process_action'
  actionpack (4.1.1) lib/action_controller/metal/instrumentation.rb:31:in `block in process_action'
  activesupport (4.1.1) lib/active_support/notifications.rb:159:in `block in instrument'
  activesupport (4.1.1) lib/active_support/notifications/instrumenter.rb:20:in `instrument'
  activesupport (4.1.1) lib/active_support/notifications.rb:159:in `instrument'
  actionpack (4.1.1) lib/action_controller/metal/instrumentation.rb:30:in `process_action'
  actionpack (4.1.1) lib/action_controller/metal/params_wrapper.rb:250:in `process_action'
  activerecord (4.1.1) lib/active_record/railties/controller_runtime.rb:18:in `process_action'
  actionpack (4.1.1) lib/abstract_controller/base.rb:136:in `process'
  actionview (4.1.1) lib/action_view/rendering.rb:30:in `process'
  actionpack (4.1.1) lib/action_controller/metal.rb:195:in `dispatch'
  actionpack (4.1.1) lib/action_controller/metal/rack_delegation.rb:13:in `dispatch'
  actionpack (4.1.1) lib/action_controller/metal.rb:231:in `block in action'
  actionpack (4.1.1) lib/action_dispatch/routing/route_set.rb:80:in `call'
  actionpack (4.1.1) lib/action_dispatch/routing/route_set.rb:80:in `dispatch'
  actionpack (4.1.1) lib/action_dispatch/routing/route_set.rb:48:in `call'
  actionpack (4.1.1) lib/action_dispatch/journey/router.rb:71:in `block in call'
  actionpack (4.1.1) lib/action_dispatch/journey/router.rb:59:in `each'
  actionpack (4.1.1) lib/action_dispatch/journey/router.rb:59:in `call'
  actionpack (4.1.1) lib/action_dispatch/routing/route_set.rb:676:in `call'
  railties (4.1.1) lib/rails/engine.rb:514:in `call'
  railties (4.1.1) lib/rails/railtie.rb:194:in `public_send'
  railties (4.1.1) lib/rails/railtie.rb:194:in `method_missing'
  actionpack (4.1.1) lib/action_dispatch/journey/router.rb:71:in `block in call'
  actionpack (4.1.1) lib/action_dispatch/journey/router.rb:59:in `each'
  actionpack (4.1.1) lib/action_dispatch/journey/router.rb:59:in `call'
  actionpack (4.1.1) lib/action_dispatch/routing/route_set.rb:676:in `call'
  rack (1.5.2) lib/rack/etag.rb:23:in `call'
  rack (1.5.2) lib/rack/conditionalget.rb:25:in `call'
  rack (1.5.2) lib/rack/head.rb:11:in `call'
  actionpack (4.1.1) lib/action_dispatch/middleware/params_parser.rb:27:in `call'
  actionpack (4.1.1) lib/action_dispatch/middleware/flash.rb:254:in `call'
  rack (1.5.2) lib/rack/session/abstract/id.rb:225:in `context'
  rack (1.5.2) lib/rack/session/abstract/id.rb:220:in `call'
  actionpack (4.1.1) lib/action_dispatch/middleware/cookies.rb:560:in `call'
  activerecord (4.1.1) lib/active_record/query_cache.rb:36:in `call'
  activerecord (4.1.1) lib/active_record/connection_adapters/abstract/connection_pool.rb:621:in `call'
  activerecord (4.1.1) lib/active_record/migration.rb:380:in `call'
  actionpack (4.1.1) lib/action_dispatch/middleware/callbacks.rb:29:in `block in call'
  activesupport (4.1.1) lib/active_support/callbacks.rb:82:in `run_callbacks'
  actionpack (4.1.1) lib/action_dispatch/middleware/callbacks.rb:27:in `call'
  actionpack (4.1.1) lib/action_dispatch/middleware/reloader.rb:73:in `call'
  actionpack (4.1.1) lib/action_dispatch/middleware/remote_ip.rb:76:in `call'
  actionpack (4.1.1) lib/action_dispatch/middleware/debug_exceptions.rb:17:in `call'
  actionpack (4.1.1) lib/action_dispatch/middleware/show_exceptions.rb:30:in `call'
  railties (4.1.1) lib/rails/rack/logger.rb:38:in `call_app'
  railties (4.1.1) lib/rails/rack/logger.rb:20:in `block in call'
  activesupport (4.1.1) lib/active_support/tagged_logging.rb:68:in `block in tagged'
  activesupport (4.1.1) lib/active_support/tagged_logging.rb:26:in `tagged'
  activesupport (4.1.1) lib/active_support/tagged_logging.rb:68:in `tagged'
  railties (4.1.1) lib/rails/rack/logger.rb:20:in `call'
  actionpack (4.1.1) lib/action_dispatch/middleware/request_id.rb:21:in `call'
  rack (1.5.2) lib/rack/methodoverride.rb:21:in `call'
  rack (1.5.2) lib/rack/runtime.rb:17:in `call'
  activesupport (4.1.1) lib/active_support/cache/strategy/local_cache_middleware.rb:26:in `call'
  rack (1.5.2) lib/rack/lock.rb:17:in `call'
  actionpack (4.1.1) lib/action_dispatch/middleware/static.rb:64:in `call'
  rack (1.5.2) lib/rack/sendfile.rb:112:in `call'
  railties (4.1.1) lib/rails/engine.rb:514:in `call'
  railties (4.1.1) lib/rails/application.rb:144:in `call'
  rack (1.5.2) lib/rack/lock.rb:17:in `call'
  rack (1.5.2) lib/rack/content_length.rb:14:in `call'
  rack (1.5.2) lib/rack/handler/webrick.rb:60:in `service'
  /Users/johnrandall/.rbenv/versions/2.1.2/lib/ruby/2.1.0/webrick/httpserver.rb:138:in `service'
  /Users/johnrandall/.rbenv/versions/2.1.2/lib/ruby/2.1.0/webrick/httpserver.rb:94:in `run'
  /Users/johnrandall/.rbenv/versions/2.1.2/lib/ruby/2.1.0/webrick/server.rb:295:in `block in start_thread'


  Rendered /Users/johnrandall/.rbenv/versions/2.1.2/lib/ruby/gems/2.1.0/gems/actionpack-4.1.1/lib/action_dispatch/middleware/templates/rescues/_trace.html.erb (1.4ms)
  Rendered /Users/johnrandall/.rbenv/versions/2.1.2/lib/ruby/gems/2.1.0/gems/actionpack-4.1.1/lib/action_dispatch/middleware/templates/rescues/_request_and_response.html.erb (1.1ms)
  Rendered /Users/johnrandall/.rbenv/versions/2.1.2/lib/ruby/gems/2.1.0/gems/actionpack-4.1.1/lib/action_dispatch/middleware/templates/rescues/template_error.html.erb within rescues/layout (12.0ms)


Started GET "/specs" for 127.0.0.1 at 2014-07-01 19:53:56 -0400
Processing by JasmineRails::SpecRunnerController#index as HTML
  Rendered /Users/johnrandall/.rbenv/versions/2.1.2/lib/ruby/gems/2.1.0/gems/jasmine-rails-0.9.0/app/views/jasmine_rails/spec_runner/index.html.erb within layouts/jasmine_rails/spec_runner (0.0ms)
Completed 500 Internal Server Error in 28ms

ActionView::Template::Error (couldn't find file 'helpers/some_helper_file'
  (in /Users/johnrandall/code/wdi/projects_exercises/learn_jasmine/penguin_pals2_wJasmineRailsGem/spec/javascripts/foo_spec.js:2)):
     5:     <title>Jasmine Specs</title>
     6: 
     7:     <%= stylesheet_link_tag *jasmine_css_files %>
     8:     <%= javascript_include_tag *jasmine_js_files %>
     9:   </head>
    10:   <body>
    11:     <div id="jasmine_content"></div>
  sprockets (2.11.0) lib/sprockets/context.rb:106:in `resolve'
  sprockets (2.11.0) lib/sprockets/context.rb:146:in `require_asset'
  sprockets (2.11.0) lib/sprockets/directive_processor.rb:217:in `process_require_directive'
  sprockets (2.11.0) lib/sprockets/directive_processor.rb:167:in `block in process_directives'
  sprockets (2.11.0) lib/sprockets/directive_processor.rb:165:in `each'
  sprockets (2.11.0) lib/sprockets/directive_processor.rb:165:in `process_directives'
  sprockets (2.11.0) lib/sprockets/directive_processor.rb:99:in `evaluate'
  tilt (1.4.1) lib/tilt/template.rb:103:in `render'
  sprockets (2.11.0) lib/sprockets/context.rb:197:in `block in evaluate'
  sprockets (2.11.0) lib/sprockets/context.rb:194:in `each'
  sprockets (2.11.0) lib/sprockets/context.rb:194:in `evaluate'
  sprockets (2.11.0) lib/sprockets/processed_asset.rb:12:in `initialize'
  sprockets (2.11.0) lib/sprockets/base.rb:374:in `new'
  sprockets (2.11.0) lib/sprockets/base.rb:374:in `block in build_asset'
  sprockets (2.11.0) lib/sprockets/base.rb:395:in `circular_call_protection'
  sprockets (2.11.0) lib/sprockets/base.rb:373:in `build_asset'
  sprockets (2.11.0) lib/sprockets/index.rb:94:in `block in build_asset'
  sprockets (2.11.0) lib/sprockets/caching.rb:58:in `cache_asset'
  sprockets (2.11.0) lib/sprockets/index.rb:93:in `build_asset'
  sprockets (2.11.0) lib/sprockets/base.rb:287:in `find_asset'
  sprockets (2.11.0) lib/sprockets/index.rb:61:in `find_asset'
  sprockets (2.11.0) lib/sprockets/processed_asset.rb:111:in `block in resolve_dependencies'
  sprockets (2.11.0) lib/sprockets/processed_asset.rb:105:in `each'
  sprockets (2.11.0) lib/sprockets/processed_asset.rb:105:in `resolve_dependencies'
  sprockets (2.11.0) lib/sprockets/processed_asset.rb:97:in `build_required_assets'
  sprockets (2.11.0) lib/sprockets/processed_asset.rb:16:in `initialize'
  sprockets (2.11.0) lib/sprockets/base.rb:374:in `new'
  sprockets (2.11.0) lib/sprockets/base.rb:374:in `block in build_asset'
  sprockets (2.11.0) lib/sprockets/base.rb:395:in `circular_call_protection'
  sprockets (2.11.0) lib/sprockets/base.rb:373:in `build_asset'
  sprockets (2.11.0) lib/sprockets/index.rb:94:in `block in build_asset'
  sprockets (2.11.0) lib/sprockets/caching.rb:58:in `cache_asset'
  sprockets (2.11.0) lib/sprockets/index.rb:93:in `build_asset'
  sprockets (2.11.0) lib/sprockets/base.rb:287:in `find_asset'
  sprockets (2.11.0) lib/sprockets/index.rb:61:in `find_asset'
  sprockets (2.11.0) lib/sprockets/bundled_asset.rb:37:in `init_with'
  sprockets (2.11.0) lib/sprockets/asset.rb:24:in `from_hash'
  sprockets (2.11.0) lib/sprockets/caching.rb:54:in `cache_asset'
  sprockets (2.11.0) lib/sprockets/index.rb:93:in `build_asset'
  sprockets (2.11.0) lib/sprockets/base.rb:287:in `find_asset'
  sprockets (2.11.0) lib/sprockets/index.rb:61:in `find_asset'
  sprockets (2.11.0) lib/sprockets/environment.rb:75:in `find_asset'
  sprockets (2.11.0) lib/sprockets/base.rb:295:in `[]'
  sprockets-rails (2.1.3) lib/sprockets/rails/helper.rb:214:in `lookup_asset_for_path'
  sprockets-rails (2.1.3) lib/sprockets/rails/helper.rb:182:in `check_errors_for'
  sprockets-rails (2.1.3) lib/sprockets/rails/helper.rb:134:in `block in javascript_include_tag'
  sprockets-rails (2.1.3) lib/sprockets/rails/helper.rb:133:in `map'
  sprockets-rails (2.1.3) lib/sprockets/rails/helper.rb:133:in `javascript_include_tag'
  jasmine-rails (0.9.0) app/views/layouts/jasmine_rails/spec_runner.html.erb:8:in `___sers_johnrandall__rbenv_versions_______lib_ruby_gems_______gems_jasmine_rails_______app_views_layouts_jasmine_rails_spec_runner_html_erb___4121400584282982212_70101831814120'
  actionview (4.1.1) lib/action_view/template.rb:145:in `block in render'
  activesupport (4.1.1) lib/active_support/notifications.rb:161:in `instrument'
  actionview (4.1.1) lib/action_view/template.rb:339:in `instrument'
  actionview (4.1.1) lib/action_view/template.rb:143:in `render'
  actionview (4.1.1) lib/action_view/renderer/template_renderer.rb:67:in `render_with_layout'
  actionview (4.1.1) lib/action_view/renderer/template_renderer.rb:53:in `render_template'
  actionview (4.1.1) lib/action_view/renderer/template_renderer.rb:17:in `render'
  actionview (4.1.1) lib/action_view/renderer/renderer.rb:42:in `render_template'
  actionview (4.1.1) lib/action_view/renderer/renderer.rb:23:in `render'
  actionview (4.1.1) lib/action_view/rendering.rb:99:in `_render_template'
  actionpack (4.1.1) lib/action_controller/metal/streaming.rb:217:in `_render_template'
  actionview (4.1.1) lib/action_view/rendering.rb:82:in `render_to_body'
  actionpack (4.1.1) lib/action_controller/metal/rendering.rb:32:in `render_to_body'
  actionpack (4.1.1) lib/action_controller/metal/renderers.rb:32:in `render_to_body'
  actionpack (4.1.1) lib/abstract_controller/rendering.rb:25:in `render'
  actionpack (4.1.1) lib/action_controller/metal/rendering.rb:16:in `render'
  actionpack (4.1.1) lib/action_controller/metal/instrumentation.rb:41:in `block (2 levels) in render'
  activesupport (4.1.1) lib/active_support/core_ext/benchmark.rb:12:in `block in ms'
  /Users/johnrandall/.rbenv/versions/2.1.2/lib/ruby/2.1.0/benchmark.rb:294:in `realtime'
  activesupport (4.1.1) lib/active_support/core_ext/benchmark.rb:12:in `ms'
  actionpack (4.1.1) lib/action_controller/metal/instrumentation.rb:41:in `block in render'
  actionpack (4.1.1) lib/action_controller/metal/instrumentation.rb:84:in `cleanup_view_runtime'
  activerecord (4.1.1) lib/active_record/railties/controller_runtime.rb:25:in `cleanup_view_runtime'
  actionpack (4.1.1) lib/action_controller/metal/instrumentation.rb:40:in `render'
  actionpack (4.1.1) lib/action_controller/metal/implicit_render.rb:10:in `default_render'
  actionpack (4.1.1) lib/action_controller/metal/implicit_render.rb:5:in `send_action'
  actionpack (4.1.1) lib/abstract_controller/base.rb:189:in `process_action'
  actionpack (4.1.1) lib/action_controller/metal/rendering.rb:10:in `process_action'
  actionpack (4.1.1) lib/abstract_controller/callbacks.rb:20:in `block in process_action'
  activesupport (4.1.1) lib/active_support/callbacks.rb:113:in `call'
  activesupport (4.1.1) lib/active_support/callbacks.rb:113:in `call'
  activesupport (4.1.1) lib/active_support/callbacks.rb:229:in `block in halting'
  activesupport (4.1.1) lib/active_support/callbacks.rb:166:in `call'
  activesupport (4.1.1) lib/active_support/callbacks.rb:166:in `block in halting'
  activesupport (4.1.1) lib/active_support/callbacks.rb:166:in `call'
  activesupport (4.1.1) lib/active_support/callbacks.rb:166:in `block in halting'
  activesupport (4.1.1) lib/active_support/callbacks.rb:86:in `call'
  activesupport (4.1.1) lib/active_support/callbacks.rb:86:in `run_callbacks'
  actionpack (4.1.1) lib/abstract_controller/callbacks.rb:19:in `process_action'
  actionpack (4.1.1) lib/action_controller/metal/rescue.rb:29:in `process_action'
  actionpack (4.1.1) lib/action_controller/metal/instrumentation.rb:31:in `block in process_action'
  activesupport (4.1.1) lib/active_support/notifications.rb:159:in `block in instrument'
  activesupport (4.1.1) lib/active_support/notifications/instrumenter.rb:20:in `instrument'
  activesupport (4.1.1) lib/active_support/notifications.rb:159:in `instrument'
  actionpack (4.1.1) lib/action_controller/metal/instrumentation.rb:30:in `process_action'
  actionpack (4.1.1) lib/action_controller/metal/params_wrapper.rb:250:in `process_action'
  activerecord (4.1.1) lib/active_record/railties/controller_runtime.rb:18:in `process_action'
  actionpack (4.1.1) lib/abstract_controller/base.rb:136:in `process'
  actionview (4.1.1) lib/action_view/rendering.rb:30:in `process'
  actionpack (4.1.1) lib/action_controller/metal.rb:195:in `dispatch'
  actionpack (4.1.1) lib/action_controller/metal/rack_delegation.rb:13:in `dispatch'
  actionpack (4.1.1) lib/action_controller/metal.rb:231:in `block in action'
  actionpack (4.1.1) lib/action_dispatch/routing/route_set.rb:80:in `call'
  actionpack (4.1.1) lib/action_dispatch/routing/route_set.rb:80:in `dispatch'
  actionpack (4.1.1) lib/action_dispatch/routing/route_set.rb:48:in `call'
  actionpack (4.1.1) lib/action_dispatch/journey/router.rb:71:in `block in call'
  actionpack (4.1.1) lib/action_dispatch/journey/router.rb:59:in `each'
  actionpack (4.1.1) lib/action_dispatch/journey/router.rb:59:in `call'
  actionpack (4.1.1) lib/action_dispatch/routing/route_set.rb:676:in `call'
  railties (4.1.1) lib/rails/engine.rb:514:in `call'
  railties (4.1.1) lib/rails/railtie.rb:194:in `public_send'
  railties (4.1.1) lib/rails/railtie.rb:194:in `method_missing'
  actionpack (4.1.1) lib/action_dispatch/journey/router.rb:71:in `block in call'
  actionpack (4.1.1) lib/action_dispatch/journey/router.rb:59:in `each'
  actionpack (4.1.1) lib/action_dispatch/journey/router.rb:59:in `call'
  actionpack (4.1.1) lib/action_dispatch/routing/route_set.rb:676:in `call'
  rack (1.5.2) lib/rack/etag.rb:23:in `call'
  rack (1.5.2) lib/rack/conditionalget.rb:25:in `call'
  rack (1.5.2) lib/rack/head.rb:11:in `call'
  actionpack (4.1.1) lib/action_dispatch/middleware/params_parser.rb:27:in `call'
  actionpack (4.1.1) lib/action_dispatch/middleware/flash.rb:254:in `call'
  rack (1.5.2) lib/rack/session/abstract/id.rb:225:in `context'
  rack (1.5.2) lib/rack/session/abstract/id.rb:220:in `call'
  actionpack (4.1.1) lib/action_dispatch/middleware/cookies.rb:560:in `call'
  activerecord (4.1.1) lib/active_record/query_cache.rb:36:in `call'
  activerecord (4.1.1) lib/active_record/connection_adapters/abstract/connection_pool.rb:621:in `call'
  activerecord (4.1.1) lib/active_record/migration.rb:380:in `call'
  actionpack (4.1.1) lib/action_dispatch/middleware/callbacks.rb:29:in `block in call'
  activesupport (4.1.1) lib/active_support/callbacks.rb:82:in `run_callbacks'
  actionpack (4.1.1) lib/action_dispatch/middleware/callbacks.rb:27:in `call'
  actionpack (4.1.1) lib/action_dispatch/middleware/reloader.rb:73:in `call'
  actionpack (4.1.1) lib/action_dispatch/middleware/remote_ip.rb:76:in `call'
  actionpack (4.1.1) lib/action_dispatch/middleware/debug_exceptions.rb:17:in `call'
  actionpack (4.1.1) lib/action_dispatch/middleware/show_exceptions.rb:30:in `call'
  railties (4.1.1) lib/rails/rack/logger.rb:38:in `call_app'
  railties (4.1.1) lib/rails/rack/logger.rb:20:in `block in call'
  activesupport (4.1.1) lib/active_support/tagged_logging.rb:68:in `block in tagged'
  activesupport (4.1.1) lib/active_support/tagged_logging.rb:26:in `tagged'
  activesupport (4.1.1) lib/active_support/tagged_logging.rb:68:in `tagged'
  railties (4.1.1) lib/rails/rack/logger.rb:20:in `call'
  actionpack (4.1.1) lib/action_dispatch/middleware/request_id.rb:21:in `call'
  rack (1.5.2) lib/rack/methodoverride.rb:21:in `call'
  rack (1.5.2) lib/rack/runtime.rb:17:in `call'
  activesupport (4.1.1) lib/active_support/cache/strategy/local_cache_middleware.rb:26:in `call'
  rack (1.5.2) lib/rack/lock.rb:17:in `call'
  actionpack (4.1.1) lib/action_dispatch/middleware/static.rb:64:in `call'
  rack (1.5.2) lib/rack/sendfile.rb:112:in `call'
  railties (4.1.1) lib/rails/engine.rb:514:in `call'
  railties (4.1.1) lib/rails/application.rb:144:in `call'
  rack (1.5.2) lib/rack/lock.rb:17:in `call'
  rack (1.5.2) lib/rack/content_length.rb:14:in `call'
  rack (1.5.2) lib/rack/handler/webrick.rb:60:in `service'
  /Users/johnrandall/.rbenv/versions/2.1.2/lib/ruby/2.1.0/webrick/httpserver.rb:138:in `service'
  /Users/johnrandall/.rbenv/versions/2.1.2/lib/ruby/2.1.0/webrick/httpserver.rb:94:in `run'
  /Users/johnrandall/.rbenv/versions/2.1.2/lib/ruby/2.1.0/webrick/server.rb:295:in `block in start_thread'


  Rendered /Users/johnrandall/.rbenv/versions/2.1.2/lib/ruby/gems/2.1.0/gems/actionpack-4.1.1/lib/action_dispatch/middleware/templates/rescues/_trace.html.erb (1.2ms)
  Rendered /Users/johnrandall/.rbenv/versions/2.1.2/lib/ruby/gems/2.1.0/gems/actionpack-4.1.1/lib/action_dispatch/middleware/templates/rescues/_request_and_response.html.erb (0.9ms)
  Rendered /Users/johnrandall/.rbenv/versions/2.1.2/lib/ruby/gems/2.1.0/gems/actionpack-4.1.1/lib/action_dispatch/middleware/templates/rescues/template_error.html.erb within rescues/layout (10.7ms)


Started GET "/specs" for 127.0.0.1 at 2014-07-01 19:54:15 -0400
Processing by JasmineRails::SpecRunnerController#index as HTML
  Rendered /Users/johnrandall/.rbenv/versions/2.1.2/lib/ruby/gems/2.1.0/gems/jasmine-rails-0.9.0/app/views/jasmine_rails/spec_runner/index.html.erb within layouts/jasmine_rails/spec_runner (0.0ms)
Completed 200 OK in 38ms (Views: 37.4ms | ActiveRecord: 0.0ms)


Started GET "/assets/jasmine.css?body=1" for 127.0.0.1 at 2014-07-01 19:54:15 -0400


Started GET "/assets/jasmine-specs.css?body=1" for 127.0.0.1 at 2014-07-01 19:54:15 -0400


Started GET "/assets/jasmine-html.js?body=1" for 127.0.0.1 at 2014-07-01 19:54:15 -0400


Started GET "/assets/foo_spec.js?body=1" for 127.0.0.1 at 2014-07-01 19:54:15 -0400


Started GET "/assets/jasmine.js?body=1" for 127.0.0.1 at 2014-07-01 19:54:15 -0400


Started GET "/assets/json2.js?body=1" for 127.0.0.1 at 2014-07-01 19:54:15 -0400


Started GET "/assets/boot.js?body=1" for 127.0.0.1 at 2014-07-01 19:54:15 -0400


Started GET "/assets/jquery.js?body=1" for 127.0.0.1 at 2014-07-01 19:54:15 -0400


Started GET "/assets/jquery_ujs.js?body=1" for 127.0.0.1 at 2014-07-01 19:54:15 -0400


Started GET "/assets/turbolinks.js?body=1" for 127.0.0.1 at 2014-07-01 19:54:15 -0400


Started GET "/assets/penguins.js?body=1" for 127.0.0.1 at 2014-07-01 19:54:15 -0400


Started GET "/assets/application.js?body=1" for 127.0.0.1 at 2014-07-01 19:54:15 -0400


Started GET "/assets/sandbox_test_spec.js?body=1" for 127.0.0.1 at 2014-07-01 19:54:15 -0400


Started GET "/assets/jasmine-specs.js?body=1" for 127.0.0.1 at 2014-07-01 19:54:15 -0400


Started GET "/specs?spec=A%20suite%20contains%20spec%20with%20an%20expectation" for 127.0.0.1 at 2014-07-01 19:54:17 -0400
Processing by JasmineRails::SpecRunnerController#index as HTML
  Parameters: {"spec"=>"A suite contains spec with an expectation"}
  Rendered /Users/johnrandall/.rbenv/versions/2.1.2/lib/ruby/gems/2.1.0/gems/jasmine-rails-0.9.0/app/views/jasmine_rails/spec_runner/index.html.erb within layouts/jasmine_rails/spec_runner (0.1ms)
Completed 200 OK in 12ms (Views: 11.1ms | ActiveRecord: 0.0ms)


Started GET "/specs" for 127.0.0.1 at 2014-07-01 19:54:23 -0400
Processing by JasmineRails::SpecRunnerController#index as HTML
  Rendered /Users/johnrandall/.rbenv/versions/2.1.2/lib/ruby/gems/2.1.0/gems/jasmine-rails-0.9.0/app/views/jasmine_rails/spec_runner/index.html.erb within layouts/jasmine_rails/spec_runner (0.0ms)
Completed 200 OK in 43ms (Views: 42.3ms | ActiveRecord: 0.0ms)


Started GET "/assets/jasmine.js?body=1" for 127.0.0.1 at 2014-07-01 19:54:23 -0400


Started GET "/assets/jasmine.css?body=1" for 127.0.0.1 at 2014-07-01 19:54:23 -0400


Started GET "/assets/jasmine-specs.css?body=1" for 127.0.0.1 at 2014-07-01 19:54:23 -0400


Started GET "/assets/jasmine-html.js?body=1" for 127.0.0.1 at 2014-07-01 19:54:23 -0400


Started GET "/assets/json2.js?body=1" for 127.0.0.1 at 2014-07-01 19:54:23 -0400


Started GET "/assets/boot.js?body=1" for 127.0.0.1 at 2014-07-01 19:54:23 -0400


Started GET "/assets/jquery.js?body=1" for 127.0.0.1 at 2014-07-01 19:54:23 -0400


Started GET "/assets/jquery_ujs.js?body=1" for 127.0.0.1 at 2014-07-01 19:54:23 -0400


Started GET "/assets/turbolinks.js?body=1" for 127.0.0.1 at 2014-07-01 19:54:23 -0400


Started GET "/assets/penguins.js?body=1" for 127.0.0.1 at 2014-07-01 19:54:23 -0400


Started GET "/assets/application.js?body=1" for 127.0.0.1 at 2014-07-01 19:54:23 -0400


Started GET "/assets/foo_spec.js?body=1" for 127.0.0.1 at 2014-07-01 19:54:23 -0400


Started GET "/assets/sandbox_test_spec.js?body=1" for 127.0.0.1 at 2014-07-01 19:54:23 -0400


Started GET "/assets/jasmine-specs.js?body=1" for 127.0.0.1 at 2014-07-01 19:54:23 -0400


Started GET "/specs" for 127.0.0.1 at 2014-07-01 19:54:30 -0400
Processing by JasmineRails::SpecRunnerController#index as HTML
  Rendered /Users/johnrandall/.rbenv/versions/2.1.2/lib/ruby/gems/2.1.0/gems/jasmine-rails-0.9.0/app/views/jasmine_rails/spec_runner/index.html.erb within layouts/jasmine_rails/spec_runner (0.1ms)
Completed 200 OK in 36ms (Views: 35.4ms | ActiveRecord: 0.0ms)


Started GET "/assets/jasmine.css?body=1" for 127.0.0.1 at 2014-07-01 19:54:30 -0400


Started GET "/assets/jasmine-specs.css?body=1" for 127.0.0.1 at 2014-07-01 19:54:30 -0400


Started GET "/assets/jasmine.js?body=1" for 127.0.0.1 at 2014-07-01 19:54:30 -0400


Started GET "/assets/json2.js?body=1" for 127.0.0.1 at 2014-07-01 19:54:30 -0400


Started GET "/assets/jasmine-html.js?body=1" for 127.0.0.1 at 2014-07-01 19:54:30 -0400


Started GET "/assets/boot.js?body=1" for 127.0.0.1 at 2014-07-01 19:54:30 -0400


Started GET "/assets/jquery.js?body=1" for 127.0.0.1 at 2014-07-01 19:54:30 -0400


Started GET "/assets/jquery_ujs.js?body=1" for 127.0.0.1 at 2014-07-01 19:54:30 -0400


Started GET "/assets/turbolinks.js?body=1" for 127.0.0.1 at 2014-07-01 19:54:30 -0400


Started GET "/assets/penguins.js?body=1" for 127.0.0.1 at 2014-07-01 19:54:30 -0400


Started GET "/assets/application.js?body=1" for 127.0.0.1 at 2014-07-01 19:54:30 -0400


Started GET "/assets/foo_spec.js?body=1" for 127.0.0.1 at 2014-07-01 19:54:30 -0400


Started GET "/assets/sandbox_test_spec.js?body=1" for 127.0.0.1 at 2014-07-01 19:54:30 -0400


Started GET "/assets/jasmine-specs.js?body=1" for 127.0.0.1 at 2014-07-01 19:54:30 -0400
